<?xml version="1.0" encoding="UTF-8"?>
<!-- Generated by org.testng.reporters.JUnitReportReporter -->
<testsuite hostname="DESKTOP-CF8Q1LN" failures="0" tests="1" name="selenium.TestNg" time="0.026" errors="0" timestamp="2025-10-13T13:18:50 IST" skipped="0">
  <testcase classname="selenium.TestNg" name="a" time="0.026"/>
</testsuite> <!-- selenium.TestNg -->
